WARNING - 2023-03-14 03:55:18 --> [DEPRECATED] Creation of dynamic property App\Controllers\Auth::$ModelAuth is deprecated in APPPATH\Controllers\Auth.php on line 12.
 1 SYSTEMPATH\CodeIgniter.php(906): App\Controllers\Auth->__construct()
 2 SYSTEMPATH\CodeIgniter.php(490): CodeIgniter\CodeIgniter->createController()
 3 SYSTEMPATH\CodeIgniter.php(368): CodeIgniter\CodeIgniter->handleRequest(null, Object(Config\Cache), false)
 4 FCPATH\index.php(67): CodeIgniter\CodeIgniter->run()
INFO - 2023-03-14 03:55:18 --> Session: Class initialized using 'CodeIgniter\Session\Handlers\FileHandler' driver.
WARNING - 2023-03-14 03:55:31 --> [DEPRECATED] Creation of dynamic property App\Controllers\Auth::$ModelAuth is deprecated in APPPATH\Controllers\Auth.php on line 12.
 1 SYSTEMPATH\CodeIgniter.php(906): App\Controllers\Auth->__construct()
 2 SYSTEMPATH\CodeIgniter.php(490): CodeIgniter\CodeIgniter->createController()
 3 SYSTEMPATH\CodeIgniter.php(368): CodeIgniter\CodeIgniter->handleRequest(null, Object(Config\Cache), false)
 4 FCPATH\index.php(67): CodeIgniter\CodeIgniter->run()
ERROR - 2023-03-14 03:55:36 --> Error connecting to the database: mysqli_sql_exception: No connection could be made because the target machine actively refused it in C:\xampp\htdocs\codeigniter2\system\Database\MySQLi\Connection.php:173
Stack trace:
#0 C:\xampp\htdocs\codeigniter2\system\Database\MySQLi\Connection.php(173): mysqli->real_connect('localhost', 'root', Object(SensitiveParameterValue), 'tester', 3306, '', 0)
#1 C:\xampp\htdocs\codeigniter2\system\Database\BaseConnection.php(391): CodeIgniter\Database\MySQLi\Connection->connect(false)
#2 C:\xampp\htdocs\codeigniter2\system\Database\BaseConnection.php(573): CodeIgniter\Database\BaseConnection->initialize()
#3 C:\xampp\htdocs\codeigniter2\system\Database\BaseBuilder.php(1616): CodeIgniter\Database\BaseConnection->query('SELECT *\nFROM `...', Array, false)
#4 C:\xampp\htdocs\codeigniter2\app\Models\M_Auth.php(18): CodeIgniter\Database\BaseBuilder->get()
#5 C:\xampp\htdocs\codeigniter2\app\Controllers\Auth.php(42): App\Models\M_Auth->login('cb@gmail.com', '123456')
#6 C:\xampp\htdocs\codeigniter2\system\CodeIgniter.php(934): App\Controllers\Auth->cek_login()
#7 C:\xampp\htdocs\codeigniter2\system\CodeIgniter.php(499): CodeIgniter\CodeIgniter->runController(Object(App\Controllers\Auth))
#8 C:\xampp\htdocs\codeigniter2\system\CodeIgniter.php(368): CodeIgniter\CodeIgniter->handleRequest(NULL, Object(Config\Cache), false)
#9 C:\xampp\htdocs\codeigniter2\public\index.php(67): CodeIgniter\CodeIgniter->run()
#10 {main}

Next CodeIgniter\Database\Exceptions\DatabaseException: No connection could be made because the target machine actively refused it in C:\xampp\htdocs\codeigniter2\system\Database\MySQLi\Connection.php:218
Stack trace:
#0 C:\xampp\htdocs\codeigniter2\system\Database\BaseConnection.php(391): CodeIgniter\Database\MySQLi\Connection->connect(false)
#1 C:\xampp\htdocs\codeigniter2\system\Database\BaseConnection.php(573): CodeIgniter\Database\BaseConnection->initialize()
#2 C:\xampp\htdocs\codeigniter2\system\Database\BaseBuilder.php(1616): CodeIgniter\Database\BaseConnection->query('SELECT *\nFROM `...', Array, false)
#3 C:\xampp\htdocs\codeigniter2\app\Models\M_Auth.php(18): CodeIgniter\Database\BaseBuilder->get()
#4 C:\xampp\htdocs\codeigniter2\app\Controllers\Auth.php(42): App\Models\M_Auth->login('cb@gmail.com', '123456')
#5 C:\xampp\htdocs\codeigniter2\system\CodeIgniter.php(934): App\Controllers\Auth->cek_login()
#6 C:\xampp\htdocs\codeigniter2\system\CodeIgniter.php(499): CodeIgniter\CodeIgniter->runController(Object(App\Controllers\Auth))
#7 C:\xampp\htdocs\codeigniter2\system\CodeIgniter.php(368): CodeIgniter\CodeIgniter->handleRequest(NULL, Object(Config\Cache), false)
#8 C:\xampp\htdocs\codeigniter2\public\index.php(67): CodeIgniter\CodeIgniter->run()
#9 {main}
CRITICAL - 2023-03-14 03:55:36 --> Unable to connect to the database.
Main connection [MySQLi]: No connection could be made because the target machine actively refused it
in SYSTEMPATH\Database\BaseConnection.php on line 427.
 1 SYSTEMPATH\Database\BaseConnection.php(573): CodeIgniter\Database\BaseConnection->initialize()
 2 SYSTEMPATH\Database\BaseBuilder.php(1616): CodeIgniter\Database\BaseConnection->query('SELECT *
FROM `tb_user`
WHERE `email` = :email:
AND `password` = :password:', [...], false)
 3 APPPATH\Models\M_Auth.php(18): CodeIgniter\Database\BaseBuilder->get()
 4 APPPATH\Controllers\Auth.php(42): App\Models\M_Auth->login('cb@gmail.com', '123456')
 5 SYSTEMPATH\CodeIgniter.php(934): App\Controllers\Auth->cek_login()
 6 SYSTEMPATH\CodeIgniter.php(499): CodeIgniter\CodeIgniter->runController(Object(App\Controllers\Auth))
 7 SYSTEMPATH\CodeIgniter.php(368): CodeIgniter\CodeIgniter->handleRequest(null, Object(Config\Cache), false)
 8 FCPATH\index.php(67): CodeIgniter\CodeIgniter->run()
WARNING - 2023-03-14 03:56:15 --> [DEPRECATED] Creation of dynamic property App\Controllers\Auth::$ModelAuth is deprecated in APPPATH\Controllers\Auth.php on line 12.
 1 SYSTEMPATH\CodeIgniter.php(906): App\Controllers\Auth->__construct()
 2 SYSTEMPATH\CodeIgniter.php(490): CodeIgniter\CodeIgniter->createController()
 3 SYSTEMPATH\CodeIgniter.php(368): CodeIgniter\CodeIgniter->handleRequest(null, Object(Config\Cache), false)
 4 FCPATH\index.php(67): CodeIgniter\CodeIgniter->run()
INFO - 2023-03-14 03:56:15 --> Session: Class initialized using 'CodeIgniter\Session\Handlers\FileHandler' driver.
WARNING - 2023-03-14 04:09:02 --> [DEPRECATED] Creation of dynamic property App\Controllers\Kaos::$model is deprecated in APPPATH\Controllers\Kaos.php on line 10.
 1 SYSTEMPATH\CodeIgniter.php(906): App\Controllers\Kaos->__construct()
 2 SYSTEMPATH\CodeIgniter.php(490): CodeIgniter\CodeIgniter->createController()
 3 SYSTEMPATH\CodeIgniter.php(368): CodeIgniter\CodeIgniter->handleRequest(null, Object(Config\Cache), false)
 4 FCPATH\index.php(67): CodeIgniter\CodeIgniter->run()
WARNING - 2023-03-14 04:16:22 --> [DEPRECATED] Creation of dynamic property App\Controllers\Kaos::$model is deprecated in APPPATH\Controllers\Kaos.php on line 10.
 1 SYSTEMPATH\CodeIgniter.php(906): App\Controllers\Kaos->__construct()
 2 SYSTEMPATH\CodeIgniter.php(490): CodeIgniter\CodeIgniter->createController()
 3 SYSTEMPATH\CodeIgniter.php(368): CodeIgniter\CodeIgniter->handleRequest(null, Object(Config\Cache), false)
 4 FCPATH\index.php(67): CodeIgniter\CodeIgniter->run()
WARNING - 2023-03-14 04:18:59 --> [DEPRECATED] Creation of dynamic property App\Controllers\Kaos::$model is deprecated in APPPATH\Controllers\Kaos.php on line 10.
 1 SYSTEMPATH\CodeIgniter.php(906): App\Controllers\Kaos->__construct()
 2 SYSTEMPATH\CodeIgniter.php(490): CodeIgniter\CodeIgniter->createController()
 3 SYSTEMPATH\CodeIgniter.php(368): CodeIgniter\CodeIgniter->handleRequest(null, Object(Config\Cache), false)
 4 FCPATH\index.php(67): CodeIgniter\CodeIgniter->run()
CRITICAL - 2023-03-14 04:29:49 --> Undefined variable $kaos
in APPPATH\Views\Menu\v_masterproduk.php on line 23.
 1 APPPATH\Views\Menu\v_masterproduk.php(23): CodeIgniter\Debug\Exceptions->errorHandler(2, 'Undefined variable $kaos', 'APPPATH\\Views\\Menu\\v_masterproduk.php', 23)
 2 SYSTEMPATH\View\View.php(213): include('APPPATH\\Views\\Menu\\v_masterproduk.php')
 3 SYSTEMPATH\View\View.php(216): CodeIgniter\View\View->CodeIgniter\View\{closure}()
 4 SYSTEMPATH\Common.php(1184): CodeIgniter\View\View->render('menu/v_masterproduk', [], true)
 5 APPPATH\Controllers\Dashboard.php(23): view('menu/v_masterproduk')
 6 SYSTEMPATH\CodeIgniter.php(934): App\Controllers\Dashboard->produk()
 7 SYSTEMPATH\CodeIgniter.php(499): CodeIgniter\CodeIgniter->runController(Object(App\Controllers\Dashboard))
 8 SYSTEMPATH\CodeIgniter.php(368): CodeIgniter\CodeIgniter->handleRequest(null, Object(Config\Cache), false)
 9 FCPATH\index.php(67): CodeIgniter\CodeIgniter->run()
WARNING - 2023-03-14 04:30:53 --> [DEPRECATED] Creation of dynamic property App\Controllers\Kaos::$model is deprecated in APPPATH\Controllers\Kaos.php on line 10.
 1 SYSTEMPATH\CodeIgniter.php(906): App\Controllers\Kaos->__construct()
 2 SYSTEMPATH\CodeIgniter.php(490): CodeIgniter\CodeIgniter->createController()
 3 SYSTEMPATH\CodeIgniter.php(368): CodeIgniter\CodeIgniter->handleRequest(null, Object(Config\Cache), false)
 4 FCPATH\index.php(67): CodeIgniter\CodeIgniter->run()
WARNING - 2023-03-14 04:32:35 --> [DEPRECATED] Creation of dynamic property App\Controllers\Kaos::$model is deprecated in APPPATH\Controllers\Kaos.php on line 10.
 1 SYSTEMPATH\CodeIgniter.php(906): App\Controllers\Kaos->__construct()
 2 SYSTEMPATH\CodeIgniter.php(490): CodeIgniter\CodeIgniter->createController()
 3 SYSTEMPATH\CodeIgniter.php(368): CodeIgniter\CodeIgniter->handleRequest(null, Object(Config\Cache), false)
 4 FCPATH\index.php(67): CodeIgniter\CodeIgniter->run()
CRITICAL - 2023-03-14 04:32:39 --> Undefined variable $kaos
in APPPATH\Views\Menu\index.php on line 24.
 1 APPPATH\Views\Menu\index.php(24): CodeIgniter\Debug\Exceptions->errorHandler(2, 'Undefined variable $kaos', 'APPPATH\\Views\\Menu\\index.php', 24)
 2 SYSTEMPATH\View\View.php(213): include('APPPATH\\Views\\Menu\\index.php')
 3 SYSTEMPATH\View\View.php(216): CodeIgniter\View\View->CodeIgniter\View\{closure}()
 4 SYSTEMPATH\Common.php(1184): CodeIgniter\View\View->render('menu/index', [], true)
 5 APPPATH\Controllers\Dashboard.php(23): view('menu/index')
 6 SYSTEMPATH\CodeIgniter.php(934): App\Controllers\Dashboard->produk()
 7 SYSTEMPATH\CodeIgniter.php(499): CodeIgniter\CodeIgniter->runController(Object(App\Controllers\Dashboard))
 8 SYSTEMPATH\CodeIgniter.php(368): CodeIgniter\CodeIgniter->handleRequest(null, Object(Config\Cache), false)
 9 FCPATH\index.php(67): CodeIgniter\CodeIgniter->run()
CRITICAL - 2023-03-14 04:33:41 --> Undefined variable $kaos
in APPPATH\Views\Kaos\index.php on line 24.
 1 APPPATH\Views\Kaos\index.php(24): CodeIgniter\Debug\Exceptions->errorHandler(2, 'Undefined variable $kaos', 'APPPATH\\Views\\Kaos\\index.php', 24)
 2 SYSTEMPATH\View\View.php(213): include('APPPATH\\Views\\Kaos\\index.php')
 3 SYSTEMPATH\View\View.php(216): CodeIgniter\View\View->CodeIgniter\View\{closure}()
 4 SYSTEMPATH\Common.php(1184): CodeIgniter\View\View->render('kaos/index', [], true)
 5 APPPATH\Controllers\Dashboard.php(23): view('kaos/index')
 6 SYSTEMPATH\CodeIgniter.php(934): App\Controllers\Dashboard->produk()
 7 SYSTEMPATH\CodeIgniter.php(499): CodeIgniter\CodeIgniter->runController(Object(App\Controllers\Dashboard))
 8 SYSTEMPATH\CodeIgniter.php(368): CodeIgniter\CodeIgniter->handleRequest(null, Object(Config\Cache), false)
 9 FCPATH\index.php(67): CodeIgniter\CodeIgniter->run()
WARNING - 2023-03-14 04:36:41 --> [DEPRECATED] Creation of dynamic property App\Controllers\Auth::$ModelAuth is deprecated in APPPATH\Controllers\Auth.php on line 12.
 1 SYSTEMPATH\CodeIgniter.php(906): App\Controllers\Auth->__construct()
 2 SYSTEMPATH\CodeIgniter.php(490): CodeIgniter\CodeIgniter->createController()
 3 SYSTEMPATH\CodeIgniter.php(368): CodeIgniter\CodeIgniter->handleRequest(null, Object(Config\Cache), false)
 4 FCPATH\index.php(67): CodeIgniter\CodeIgniter->run()
INFO - 2023-03-14 04:36:41 --> Session: Class initialized using 'CodeIgniter\Session\Handlers\FileHandler' driver.
WARNING - 2023-03-14 04:36:47 --> [DEPRECATED] Creation of dynamic property App\Controllers\Auth::$ModelAuth is deprecated in APPPATH\Controllers\Auth.php on line 12.
 1 SYSTEMPATH\CodeIgniter.php(906): App\Controllers\Auth->__construct()
 2 SYSTEMPATH\CodeIgniter.php(490): CodeIgniter\CodeIgniter->createController()
 3 SYSTEMPATH\CodeIgniter.php(368): CodeIgniter\CodeIgniter->handleRequest(null, Object(Config\Cache), false)
 4 FCPATH\index.php(67): CodeIgniter\CodeIgniter->run()
INFO - 2023-03-14 04:36:47 --> Session: Class initialized using 'CodeIgniter\Session\Handlers\FileHandler' driver.
CRITICAL - 2023-03-14 04:39:05 --> Undefined variable $kaos
in APPPATH\Views\Kaos\index.php on line 24.
 1 APPPATH\Views\Kaos\index.php(24): CodeIgniter\Debug\Exceptions->errorHandler(2, 'Undefined variable $kaos', 'APPPATH\\Views\\Kaos\\index.php', 24)
 2 SYSTEMPATH\View\View.php(213): include('APPPATH\\Views\\Kaos\\index.php')
 3 SYSTEMPATH\View\View.php(216): CodeIgniter\View\View->CodeIgniter\View\{closure}()
 4 SYSTEMPATH\Common.php(1184): CodeIgniter\View\View->render('kaos/index', [], true)
 5 APPPATH\Controllers\Home.php(22): view('kaos/index')
 6 SYSTEMPATH\CodeIgniter.php(934): App\Controllers\Home->produk()
 7 SYSTEMPATH\CodeIgniter.php(499): CodeIgniter\CodeIgniter->runController(Object(App\Controllers\Home))
 8 SYSTEMPATH\CodeIgniter.php(368): CodeIgniter\CodeIgniter->handleRequest(null, Object(Config\Cache), false)
 9 FCPATH\index.php(67): CodeIgniter\CodeIgniter->run()
CRITICAL - 2023-03-14 04:41:34 --> Undefined variable $kaos
in APPPATH\Views\Menu\index.php on line 24.
 1 APPPATH\Views\Menu\index.php(24): CodeIgniter\Debug\Exceptions->errorHandler(2, 'Undefined variable $kaos', 'APPPATH\\Views\\Menu\\index.php', 24)
 2 SYSTEMPATH\View\View.php(213): include('APPPATH\\Views\\Menu\\index.php')
 3 SYSTEMPATH\View\View.php(216): CodeIgniter\View\View->CodeIgniter\View\{closure}()
 4 SYSTEMPATH\Common.php(1184): CodeIgniter\View\View->render('menu/index', [], true)
 5 APPPATH\Controllers\Dashboard.php(14): view('menu/index')
 6 SYSTEMPATH\CodeIgniter.php(934): App\Controllers\Dashboard->index()
 7 SYSTEMPATH\CodeIgniter.php(499): CodeIgniter\CodeIgniter->runController(Object(App\Controllers\Dashboard))
 8 SYSTEMPATH\CodeIgniter.php(368): CodeIgniter\CodeIgniter->handleRequest(null, Object(Config\Cache), false)
 9 FCPATH\index.php(67): CodeIgniter\CodeIgniter->run()
WARNING - 2023-03-14 04:43:55 --> [DEPRECATED] Creation of dynamic property App\Controllers\Kaos::$model is deprecated in APPPATH\Controllers\Kaos.php on line 10.
 1 SYSTEMPATH\CodeIgniter.php(906): App\Controllers\Kaos->__construct()
 2 SYSTEMPATH\CodeIgniter.php(490): CodeIgniter\CodeIgniter->createController()
 3 SYSTEMPATH\CodeIgniter.php(368): CodeIgniter\CodeIgniter->handleRequest(null, Object(Config\Cache), false)
 4 FCPATH\index.php(67): CodeIgniter\CodeIgniter->run()
WARNING - 2023-03-14 04:52:42 --> [DEPRECATED] Creation of dynamic property App\Controllers\Kaos::$model is deprecated in APPPATH\Controllers\Kaos.php on line 10.
 1 SYSTEMPATH\CodeIgniter.php(906): App\Controllers\Kaos->__construct()
 2 SYSTEMPATH\CodeIgniter.php(490): CodeIgniter\CodeIgniter->createController()
 3 SYSTEMPATH\CodeIgniter.php(368): CodeIgniter\CodeIgniter->handleRequest(null, Object(Config\Cache), false)
 4 FCPATH\index.php(67): CodeIgniter\CodeIgniter->run()
CRITICAL - 2023-03-14 04:52:46 --> Undefined variable $judul
in APPPATH\Views\templates\v_header.php on line 12.
 1 APPPATH\Views\templates\v_header.php(12): CodeIgniter\Debug\Exceptions->errorHandler(2, 'Undefined variable $judul', 'APPPATH\\Views\\templates\\v_header.php', 12)
 2 SYSTEMPATH\View\View.php(213): include('APPPATH\\Views\\templates\\v_header.php')
 3 SYSTEMPATH\View\View.php(216): CodeIgniter\View\View->CodeIgniter\View\{closure}()
 4 SYSTEMPATH\Common.php(1184): CodeIgniter\View\View->render('templates/v_header', [], true)
 5 APPPATH\Views\templates\v_wrapper.php(2): view('templates/v_header')
 6 SYSTEMPATH\View\View.php(213): include('APPPATH\\Views\\templates\\v_wrapper.php')
 7 SYSTEMPATH\View\View.php(216): CodeIgniter\View\View->CodeIgniter\View\{closure}()
 8 SYSTEMPATH\Common.php(1184): CodeIgniter\View\View->render('templates/v_wrapper', [], true)
 9 APPPATH\Controllers\Dashboard.php(14): view('templates/v_wrapper', [...])
10 SYSTEMPATH\CodeIgniter.php(934): App\Controllers\Dashboard->index()
11 SYSTEMPATH\CodeIgniter.php(499): CodeIgniter\CodeIgniter->runController(Object(App\Controllers\Dashboard))
12 SYSTEMPATH\CodeIgniter.php(368): CodeIgniter\CodeIgniter->handleRequest(null, Object(Config\Cache), false)
13 FCPATH\index.php(67): CodeIgniter\CodeIgniter->run()
WARNING - 2023-03-14 04:54:06 --> [DEPRECATED] Creation of dynamic property App\Controllers\Kaos::$model is deprecated in APPPATH\Controllers\Kaos.php on line 10.
 1 SYSTEMPATH\CodeIgniter.php(906): App\Controllers\Kaos->__construct()
 2 SYSTEMPATH\CodeIgniter.php(490): CodeIgniter\CodeIgniter->createController()
 3 SYSTEMPATH\CodeIgniter.php(368): CodeIgniter\CodeIgniter->handleRequest(null, Object(Config\Cache), false)
 4 FCPATH\index.php(67): CodeIgniter\CodeIgniter->run()
