CRITICAL - 2023-05-10 02:19:29 --> Invalid file: "template/index.php"
in SYSTEMPATH\Exceptions\FrameworkException.php on line 33.
 1 SYSTEMPATH\View\View.php(201): CodeIgniter\Exceptions\FrameworkException::forInvalidFile('template/index.php')
 2 SYSTEMPATH\Common.php(1184): CodeIgniter\View\View->render('template/index', [], true)
 3 APPPATH\Controllers\First.php(13): view('template/index')
 4 SYSTEMPATH\CodeIgniter.php(934): App\Controllers\First->index()
 5 SYSTEMPATH\CodeIgniter.php(499): CodeIgniter\CodeIgniter->runController(Object(App\Controllers\First))
 6 SYSTEMPATH\CodeIgniter.php(368): CodeIgniter\CodeIgniter->handleRequest(null, Object(Config\Cache), false)
 7 FCPATH\index.php(67): CodeIgniter\CodeIgniter->run()
CRITICAL - 2023-05-10 02:27:08 --> include(konek.php): Failed to open stream: No such file or directory
in APPPATH\Views\First\index.php on line 3.
 1 APPPATH\Views\First\index.php(3): CodeIgniter\Debug\Exceptions->errorHandler(2, 'include(konek.php): Failed to open stream: No such file or directory', 'APPPATH\\Views\\First\\index.php', 3)
 2 APPPATH\Views\First\index.php(3): include()
 3 SYSTEMPATH\View\View.php(213): include('APPPATH\\Views\\First\\index.php')
 4 SYSTEMPATH\View\View.php(216): CodeIgniter\View\View->CodeIgniter\View\{closure}()
 5 SYSTEMPATH\Common.php(1184): CodeIgniter\View\View->render('first/index', [], true)
 6 APPPATH\Controllers\First.php(12): view('first/index')
 7 SYSTEMPATH\CodeIgniter.php(934): App\Controllers\First->index()
 8 SYSTEMPATH\CodeIgniter.php(499): CodeIgniter\CodeIgniter->runController(Object(App\Controllers\First))
 9 SYSTEMPATH\CodeIgniter.php(368): CodeIgniter\CodeIgniter->handleRequest(null, Object(Config\Cache), false)
10 FCPATH\index.php(67): CodeIgniter\CodeIgniter->run()
WARNING - 2023-05-10 02:27:12 --> [DEPRECATED] Creation of dynamic property App\Controllers\Kaos::$model is deprecated in APPPATH\Controllers\Kaos.php on line 10.
 1 SYSTEMPATH\CodeIgniter.php(906): App\Controllers\Kaos->__construct()
 2 SYSTEMPATH\CodeIgniter.php(490): CodeIgniter\CodeIgniter->createController()
 3 SYSTEMPATH\CodeIgniter.php(368): CodeIgniter\CodeIgniter->handleRequest(null, Object(Config\Cache), false)
 4 FCPATH\index.php(67): CodeIgniter\CodeIgniter->run()
CRITICAL - 2023-05-10 02:27:15 --> include(konek.php): Failed to open stream: No such file or directory
in APPPATH\Views\First\index.php on line 3.
 1 APPPATH\Views\First\index.php(3): CodeIgniter\Debug\Exceptions->errorHandler(2, 'include(konek.php): Failed to open stream: No such file or directory', 'APPPATH\\Views\\First\\index.php', 3)
 2 APPPATH\Views\First\index.php(3): include()
 3 SYSTEMPATH\View\View.php(213): include('APPPATH\\Views\\First\\index.php')
 4 SYSTEMPATH\View\View.php(216): CodeIgniter\View\View->CodeIgniter\View\{closure}()
 5 SYSTEMPATH\Common.php(1184): CodeIgniter\View\View->render('first/index', [], true)
 6 APPPATH\Controllers\First.php(12): view('first/index')
 7 SYSTEMPATH\CodeIgniter.php(934): App\Controllers\First->index()
 8 SYSTEMPATH\CodeIgniter.php(499): CodeIgniter\CodeIgniter->runController(Object(App\Controllers\First))
 9 SYSTEMPATH\CodeIgniter.php(368): CodeIgniter\CodeIgniter->handleRequest(null, Object(Config\Cache), false)
10 FCPATH\index.php(67): CodeIgniter\CodeIgniter->run()
CRITICAL - 2023-05-10 02:27:17 --> include(konek.php): Failed to open stream: No such file or directory
in APPPATH\Views\First\index.php on line 3.
 1 APPPATH\Views\First\index.php(3): CodeIgniter\Debug\Exceptions->errorHandler(2, 'include(konek.php): Failed to open stream: No such file or directory', 'APPPATH\\Views\\First\\index.php', 3)
 2 APPPATH\Views\First\index.php(3): include()
 3 SYSTEMPATH\View\View.php(213): include('APPPATH\\Views\\First\\index.php')
 4 SYSTEMPATH\View\View.php(216): CodeIgniter\View\View->CodeIgniter\View\{closure}()
 5 SYSTEMPATH\Common.php(1184): CodeIgniter\View\View->render('first/index', [], true)
 6 APPPATH\Controllers\First.php(12): view('first/index')
 7 SYSTEMPATH\CodeIgniter.php(934): App\Controllers\First->index()
 8 SYSTEMPATH\CodeIgniter.php(499): CodeIgniter\CodeIgniter->runController(Object(App\Controllers\First))
 9 SYSTEMPATH\CodeIgniter.php(368): CodeIgniter\CodeIgniter->handleRequest(null, Object(Config\Cache), false)
10 FCPATH\index.php(67): CodeIgniter\CodeIgniter->run()
CRITICAL - 2023-05-10 03:28:26 --> include(konek.php): Failed to open stream: No such file or directory
in APPPATH\Views\templates\index.php on line 3.
 1 APPPATH\Views\templates\index.php(3): CodeIgniter\Debug\Exceptions->errorHandler(2, 'include(konek.php): Failed to open stream: No such file or directory', 'APPPATH\\Views\\templates\\index.php', 3)
 2 APPPATH\Views\templates\index.php(3): include()
 3 SYSTEMPATH\View\View.php(213): include('APPPATH\\Views\\templates\\index.php')
 4 SYSTEMPATH\View\View.php(216): CodeIgniter\View\View->CodeIgniter\View\{closure}()
 5 SYSTEMPATH\Common.php(1184): CodeIgniter\View\View->render('templates/index', [], true)
 6 APPPATH\Controllers\First.php(13): view('templates/index')
 7 SYSTEMPATH\CodeIgniter.php(934): App\Controllers\First->index()
 8 SYSTEMPATH\CodeIgniter.php(499): CodeIgniter\CodeIgniter->runController(Object(App\Controllers\First))
 9 SYSTEMPATH\CodeIgniter.php(368): CodeIgniter\CodeIgniter->handleRequest(null, Object(Config\Cache), false)
10 FCPATH\index.php(67): CodeIgniter\CodeIgniter->run()
11 SYSTEMPATH\Commands\Server\rewrite.php(47): require_once('FCPATH\\index.php')
WARNING - 2023-05-10 04:12:35 --> [DEPRECATED] Creation of dynamic property App\Controllers\Auth::$ModelAuth is deprecated in APPPATH\Controllers\Auth.php on line 12.
 1 SYSTEMPATH\CodeIgniter.php(906): App\Controllers\Auth->__construct()
 2 SYSTEMPATH\CodeIgniter.php(490): CodeIgniter\CodeIgniter->createController()
 3 SYSTEMPATH\CodeIgniter.php(368): CodeIgniter\CodeIgniter->handleRequest(null, Object(Config\Cache), false)
 4 FCPATH\index.php(67): CodeIgniter\CodeIgniter->run()
INFO - 2023-05-10 04:12:35 --> Session: Class initialized using 'CodeIgniter\Session\Handlers\FileHandler' driver.
WARNING - 2023-05-10 04:12:44 --> [DEPRECATED] Creation of dynamic property App\Controllers\Auth::$ModelAuth is deprecated in APPPATH\Controllers\Auth.php on line 12.
 1 SYSTEMPATH\CodeIgniter.php(906): App\Controllers\Auth->__construct()
 2 SYSTEMPATH\CodeIgniter.php(490): CodeIgniter\CodeIgniter->createController()
 3 SYSTEMPATH\CodeIgniter.php(368): CodeIgniter\CodeIgniter->handleRequest(null, Object(Config\Cache), false)
 4 FCPATH\index.php(67): CodeIgniter\CodeIgniter->run()
INFO - 2023-05-10 04:12:45 --> Session: Class initialized using 'CodeIgniter\Session\Handlers\FileHandler' driver.
WARNING - 2023-05-10 04:16:27 --> [DEPRECATED] Creation of dynamic property App\Controllers\Kaos::$model is deprecated in APPPATH\Controllers\Kaos.php on line 10.
 1 SYSTEMPATH\CodeIgniter.php(906): App\Controllers\Kaos->__construct()
 2 SYSTEMPATH\CodeIgniter.php(490): CodeIgniter\CodeIgniter->createController()
 3 SYSTEMPATH\CodeIgniter.php(368): CodeIgniter\CodeIgniter->handleRequest(null, Object(Config\Cache), false)
 4 FCPATH\index.php(67): CodeIgniter\CodeIgniter->run()
WARNING - 2023-05-10 04:16:29 --> [DEPRECATED] Creation of dynamic property App\Controllers\Kaos::$model is deprecated in APPPATH\Controllers\Kaos.php on line 10.
 1 SYSTEMPATH\CodeIgniter.php(906): App\Controllers\Kaos->__construct()
 2 SYSTEMPATH\CodeIgniter.php(490): CodeIgniter\CodeIgniter->createController()
 3 SYSTEMPATH\CodeIgniter.php(368): CodeIgniter\CodeIgniter->handleRequest(null, Object(Config\Cache), false)
 4 FCPATH\index.php(67): CodeIgniter\CodeIgniter->run()
WARNING - 2023-05-10 04:16:36 --> [DEPRECATED] Creation of dynamic property App\Controllers\Auth::$ModelAuth is deprecated in APPPATH\Controllers\Auth.php on line 12.
 1 SYSTEMPATH\CodeIgniter.php(906): App\Controllers\Auth->__construct()
 2 SYSTEMPATH\CodeIgniter.php(490): CodeIgniter\CodeIgniter->createController()
 3 SYSTEMPATH\CodeIgniter.php(368): CodeIgniter\CodeIgniter->handleRequest(null, Object(Config\Cache), false)
 4 FCPATH\index.php(67): CodeIgniter\CodeIgniter->run()
INFO - 2023-05-10 04:16:36 --> Session: Class initialized using 'CodeIgniter\Session\Handlers\FileHandler' driver.
WARNING - 2023-05-10 04:16:36 --> [DEPRECATED] Creation of dynamic property App\Controllers\Auth::$ModelAuth is deprecated in APPPATH\Controllers\Auth.php on line 12.
 1 SYSTEMPATH\CodeIgniter.php(906): App\Controllers\Auth->__construct()
 2 SYSTEMPATH\CodeIgniter.php(490): CodeIgniter\CodeIgniter->createController()
 3 SYSTEMPATH\CodeIgniter.php(368): CodeIgniter\CodeIgniter->handleRequest(null, Object(Config\Cache), false)
 4 FCPATH\index.php(67): CodeIgniter\CodeIgniter->run()
INFO - 2023-05-10 04:16:36 --> Session: Class initialized using 'CodeIgniter\Session\Handlers\FileHandler' driver.
WARNING - 2023-05-10 04:18:27 --> [DEPRECATED] Creation of dynamic property App\Controllers\Auth::$ModelAuth is deprecated in APPPATH\Controllers\Auth.php on line 12.
 1 SYSTEMPATH\CodeIgniter.php(906): App\Controllers\Auth->__construct()
 2 SYSTEMPATH\CodeIgniter.php(490): CodeIgniter\CodeIgniter->createController()
 3 SYSTEMPATH\CodeIgniter.php(368): CodeIgniter\CodeIgniter->handleRequest(null, Object(Config\Cache), false)
 4 FCPATH\index.php(67): CodeIgniter\CodeIgniter->run()
INFO - 2023-05-10 04:18:27 --> Session: Class initialized using 'CodeIgniter\Session\Handlers\FileHandler' driver.
WARNING - 2023-05-10 04:19:10 --> [DEPRECATED] Creation of dynamic property App\Controllers\Kaos::$model is deprecated in APPPATH\Controllers\Kaos.php on line 10.
 1 SYSTEMPATH\CodeIgniter.php(906): App\Controllers\Kaos->__construct()
 2 SYSTEMPATH\CodeIgniter.php(490): CodeIgniter\CodeIgniter->createController()
 3 SYSTEMPATH\CodeIgniter.php(368): CodeIgniter\CodeIgniter->handleRequest(null, Object(Config\Cache), false)
 4 FCPATH\index.php(67): CodeIgniter\CodeIgniter->run()
WARNING - 2023-05-10 04:30:57 --> [DEPRECATED] Creation of dynamic property App\Controllers\Kaos::$model is deprecated in APPPATH\Controllers\Kaos.php on line 10.
 1 SYSTEMPATH\CodeIgniter.php(906): App\Controllers\Kaos->__construct()
 2 SYSTEMPATH\CodeIgniter.php(490): CodeIgniter\CodeIgniter->createController()
 3 SYSTEMPATH\CodeIgniter.php(368): CodeIgniter\CodeIgniter->handleRequest(null, Object(Config\Cache), false)
 4 FCPATH\index.php(67): CodeIgniter\CodeIgniter->run()
WARNING - 2023-05-10 04:52:28 --> [DEPRECATED] Creation of dynamic property App\Controllers\Auth::$ModelAuth is deprecated in APPPATH\Controllers\Auth.php on line 12.
 1 SYSTEMPATH\CodeIgniter.php(906): App\Controllers\Auth->__construct()
 2 SYSTEMPATH\CodeIgniter.php(490): CodeIgniter\CodeIgniter->createController()
 3 SYSTEMPATH\CodeIgniter.php(368): CodeIgniter\CodeIgniter->handleRequest(null, Object(Config\Cache), false)
 4 FCPATH\index.php(67): CodeIgniter\CodeIgniter->run()
INFO - 2023-05-10 04:52:28 --> Session: Class initialized using 'CodeIgniter\Session\Handlers\FileHandler' driver.
WARNING - 2023-05-10 04:52:28 --> [DEPRECATED] Creation of dynamic property App\Controllers\Auth::$ModelAuth is deprecated in APPPATH\Controllers\Auth.php on line 12.
 1 SYSTEMPATH\CodeIgniter.php(906): App\Controllers\Auth->__construct()
 2 SYSTEMPATH\CodeIgniter.php(490): CodeIgniter\CodeIgniter->createController()
 3 SYSTEMPATH\CodeIgniter.php(368): CodeIgniter\CodeIgniter->handleRequest(null, Object(Config\Cache), false)
 4 FCPATH\index.php(67): CodeIgniter\CodeIgniter->run()
INFO - 2023-05-10 04:52:28 --> Session: Class initialized using 'CodeIgniter\Session\Handlers\FileHandler' driver.
